<?xml version="1.0" encoding="UTF-8"?>
<testng-results ignored="0" total="2" passed="2" failed="0" skipped="0">
  <reporter-output>
  </reporter-output>
  <suite started-at="2023-05-20T11:10:08 EDT" name="All Test Suite" finished-at="2023-05-20T11:11:04 EDT" duration-ms="55921">
    <groups>
      <group name="cucumber">
        <method signature="AbstractTestNGCucumberTests.runScenario(io.cucumber.testng.PickleWrapper,io.cucumber.testng.FeatureWrapper)[pri:0, instance:runner.CheckingPageRunner@159f197]" name="runScenario" class="io.cucumber.testng.AbstractTestNGCucumberTests"/>
        <method signature="AbstractTestNGCucumberTests.runScenario(io.cucumber.testng.PickleWrapper,io.cucumber.testng.FeatureWrapper)[pri:0, instance:runner.LoginPageRunner@69b2283a]" name="runScenario" class="io.cucumber.testng.AbstractTestNGCucumberTests"/>
        <method signature="AbstractTestNGCucumberTests.runScenario(io.cucumber.testng.PickleWrapper,io.cucumber.testng.FeatureWrapper)[pri:0, instance:runner.LoginRunnerTwo@76908cc0]" name="runScenario" class="io.cucumber.testng.AbstractTestNGCucumberTests"/>
      </group> <!-- cucumber -->
    </groups>
    <test started-at="2023-05-20T11:10:08 EDT" name="BDD Framework" finished-at="2023-05-20T11:10:10 EDT" duration-ms="2585">
      <class name="runner.CheckingPageRunner">
        <test-method is-config="true" signature="setUpClass(org.testng.ITestContext)[pri:0, instance:runner.CheckingPageRunner@159f197]" started-at="2023-05-20T11:10:08 EDT" name="setUpClass" finished-at="2023-05-20T11:10:10 EDT" duration-ms="2374" status="PASS">
          <params>
            <param index="0">
              <value>
                <![CDATA[org.testng.TestRunner@694abbdc]]>
              </value>
            </param>
          </params>
          <reporter-output>
          </reporter-output>
        </test-method> <!-- setUpClass -->
        <test-method is-config="true" signature="tearDownClass()[pri:0, instance:runner.CheckingPageRunner@159f197]" started-at="2023-05-20T11:10:10 EDT" name="tearDownClass" finished-at="2023-05-20T11:10:10 EDT" duration-ms="61" status="PASS">
          <reporter-output>
          </reporter-output>
        </test-method> <!-- tearDownClass -->
      </class> <!-- runner.CheckingPageRunner -->
    </test> <!-- BDD Framework -->
    <test started-at="2023-05-20T11:10:08 EDT" name="Runner three" finished-at="2023-05-20T11:10:10 EDT" duration-ms="2570">
      <class name="runner.LoginRunnerTwo">
        <test-method is-config="true" signature="setUpClass(org.testng.ITestContext)[pri:0, instance:runner.LoginRunnerTwo@76908cc0]" started-at="2023-05-20T11:10:08 EDT" name="setUpClass" finished-at="2023-05-20T11:10:10 EDT" duration-ms="2367" status="PASS">
          <params>
            <param index="0">
              <value>
                <![CDATA[org.testng.TestRunner@44ebcd03]]>
              </value>
            </param>
          </params>
          <reporter-output>
          </reporter-output>
        </test-method> <!-- setUpClass -->
        <test-method is-config="true" signature="tearDownClass()[pri:0, instance:runner.LoginRunnerTwo@76908cc0]" started-at="2023-05-20T11:10:10 EDT" name="tearDownClass" finished-at="2023-05-20T11:10:10 EDT" duration-ms="51" status="PASS">
          <reporter-output>
          </reporter-output>
        </test-method> <!-- tearDownClass -->
      </class> <!-- runner.LoginRunnerTwo -->
    </test> <!-- Runner three -->
    <test started-at="2023-05-20T11:10:08 EDT" name="Runner two" finished-at="2023-05-20T11:11:04 EDT" duration-ms="55921">
      <class name="runner.LoginPageRunner">
        <test-method is-config="true" signature="setUpClass(org.testng.ITestContext)[pri:0, instance:runner.LoginPageRunner@69b2283a]" started-at="2023-05-20T11:10:08 EDT" name="setUpClass" finished-at="2023-05-20T11:10:10 EDT" duration-ms="2367" status="PASS">
          <params>
            <param index="0">
              <value>
                <![CDATA[org.testng.TestRunner@323b36e0]]>
              </value>
            </param>
          </params>
          <reporter-output>
          </reporter-output>
        </test-method> <!-- setUpClass -->
        <test-method signature="runScenario(io.cucumber.testng.PickleWrapper,io.cucumber.testng.FeatureWrapper)[pri:0, instance:runner.LoginPageRunner@69b2283a]" started-at="2023-05-20T11:10:10 EDT" name="runScenario" description="Runs Cucumber Scenarios" data-provider="scenarios" finished-at="2023-05-20T11:10:44 EDT" duration-ms="33592" status="PASS">
          <params>
            <param index="0">
              <value>
                <![CDATA["Login functionality with incorrect username"]]>
              </value>
            </param>
            <param index="1">
              <value>
                <![CDATA["BOA Login page"]]>
              </value>
            </param>
          </params>
          <reporter-output>
          </reporter-output>
        </test-method> <!-- runScenario -->
        <test-method signature="runScenario(io.cucumber.testng.PickleWrapper,io.cucumber.testng.FeatureWrapper)[pri:0, instance:runner.LoginPageRunner@69b2283a]" started-at="2023-05-20T11:10:44 EDT" name="runScenario" description="Runs Cucumber Scenarios" data-provider="scenarios" finished-at="2023-05-20T11:11:04 EDT" duration-ms="19697" status="PASS">
          <params>
            <param index="0">
              <value>
                <![CDATA["Validate open account button"]]>
              </value>
            </param>
            <param index="1">
              <value>
                <![CDATA["BOA Login page"]]>
              </value>
            </param>
          </params>
          <reporter-output>
          </reporter-output>
        </test-method> <!-- runScenario -->
        <test-method is-config="true" signature="tearDownClass()[pri:0, instance:runner.LoginPageRunner@69b2283a]" started-at="2023-05-20T11:11:04 EDT" name="tearDownClass" finished-at="2023-05-20T11:11:04 EDT" duration-ms="6" status="PASS">
          <reporter-output>
          </reporter-output>
        </test-method> <!-- tearDownClass -->
      </class> <!-- runner.LoginPageRunner -->
    </test> <!-- Runner two -->
  </suite> <!-- All Test Suite -->
</testng-results>
